<?xml version="1.0" encoding="UTF-8"?>
<!-- Generated by org.testng.reporters.JUnitXMLReporter -->
<testsuite ignored="0" hostname="LAPTOP" failures="0" tests="6" name="Default test" time="0.109" errors="0" timestamp="2022-09-05T11:37:21 IST">
  <testcase classname="test.GoldLoan" name="GoldLogin" time="0.008"/>
  <testcase classname="test.GoldLoan" name="GoldLogin" time="0.004"/>
  <testcase classname="test.GoldLoan" name="GoldLogin" time="0.003"/>
  <testcase classname="test.GoldLoan" name="ManOrnamentLoan" time="0.002"/>
  <testcase classname="test.GoldLoan" name="WomenOrnamentLoan" time="0.001"/>
  <testcase classname="test.GoldLoan" name="ChildOrnamentLoan" time="0.002"/>
</testsuite> <!-- Default test -->
