<?xml version="1.0" encoding="UTF-8"?>
<!-- Generated by org.testng.reporters.JUnitXMLReporter -->
<testsuite ignored="4" hostname="LAPTOP" failures="0" tests="2" name="Vehical Loan" time="0.027" errors="0" timestamp="2022-09-05T12:31:55 IST">
  <testcase classname="test.VehicalLoan" name="BikeLoan" time="0.003"/>
  <testcase classname="test.VehicalLoan" name="CarLoan" time="0.003"/>
  <testcase classname="test.VehicalLoan" name="MobileSignIn" time="0.0">
    <ignored/>
  </testcase> <!-- MobileSignIn -->
  <testcase classname="test.VehicalLoan" name="MobileLogin" time="0.0">
    <ignored/>
  </testcase> <!-- MobileLogin -->
  <testcase classname="test.VehicalLoan" name="MobileSignOut" time="0.0">
    <ignored/>
  </testcase> <!-- MobileSignOut -->
  <testcase classname="test.VehicalLoan" name="MopedLoan" time="0.0">
    <ignored/>
  </testcase> <!-- MopedLoan -->
</testsuite> <!-- Vehical Loan -->
